[0.714s] Invoking command in '/home/ggkarabas/Desktop/Robots/f24_robotics/webots_ros2_homework1_python': PYTHONPATH=/home/ggkarabas/Desktop/Robots/f24_robotics/build/webots_ros2_homework1_python/prefix_override:/usr/lib/python3/dist-packages/colcon_core/task/python/colcon_distutils_commands:/home/ggkarabas/Desktop/Robots/f24_robotics/install/webots_ros2_homework1_python/lib/python3.10/site-packages:${PYTHONPATH} /usr/bin/python3 -W ignore:setup.py install is deprecated setup.py egg_info --egg-base ../build/webots_ros2_homework1_python build --build-base /home/ggkarabas/Desktop/Robots/f24_robotics/build/webots_ros2_homework1_python/build install --record /home/ggkarabas/Desktop/Robots/f24_robotics/build/webots_ros2_homework1_python/install.log --single-version-externally-managed install_data
[0.986s] running egg_info
[0.987s] writing ../build/webots_ros2_homework1_python/webots_ros2_homework1_python.egg-info/PKG-INFO
[0.987s] writing dependency_links to ../build/webots_ros2_homework1_python/webots_ros2_homework1_python.egg-info/dependency_links.txt
[0.987s] writing entry points to ../build/webots_ros2_homework1_python/webots_ros2_homework1_python.egg-info/entry_points.txt
[0.987s] writing requirements to ../build/webots_ros2_homework1_python/webots_ros2_homework1_python.egg-info/requires.txt
[0.988s] writing top-level names to ../build/webots_ros2_homework1_python/webots_ros2_homework1_python.egg-info/top_level.txt
[0.989s] reading manifest file '../build/webots_ros2_homework1_python/webots_ros2_homework1_python.egg-info/SOURCES.txt'
[0.990s] writing manifest file '../build/webots_ros2_homework1_python/webots_ros2_homework1_python.egg-info/SOURCES.txt'
[0.990s] running build
[0.991s] running build_py
[0.991s] copying webots_ros2_homework1_python/webots_ros2_homework1_python.py -> /home/ggkarabas/Desktop/Robots/f24_robotics/build/webots_ros2_homework1_python/build/lib/webots_ros2_homework1_python
[0.991s] running install
[0.991s] running install_lib
[0.992s] copying /home/ggkarabas/Desktop/Robots/f24_robotics/build/webots_ros2_homework1_python/build/lib/webots_ros2_homework1_python/webots_ros2_homework1_python.py -> /home/ggkarabas/Desktop/Robots/f24_robotics/install/webots_ros2_homework1_python/lib/python3.10/site-packages/webots_ros2_homework1_python
[0.993s] byte-compiling /home/ggkarabas/Desktop/Robots/f24_robotics/install/webots_ros2_homework1_python/lib/python3.10/site-packages/webots_ros2_homework1_python/webots_ros2_homework1_python.py to webots_ros2_homework1_python.cpython-310.pyc
[0.994s] running install_data
[0.995s] running install_egg_info
[0.996s] removing '/home/ggkarabas/Desktop/Robots/f24_robotics/install/webots_ros2_homework1_python/lib/python3.10/site-packages/webots_ros2_homework1_python-0.0.0-py3.10.egg-info' (and everything under it)
[0.997s] Copying ../build/webots_ros2_homework1_python/webots_ros2_homework1_python.egg-info to /home/ggkarabas/Desktop/Robots/f24_robotics/install/webots_ros2_homework1_python/lib/python3.10/site-packages/webots_ros2_homework1_python-0.0.0-py3.10.egg-info
[0.997s] running install_scripts
[1.028s] Installing webots_ros2_homework1_python script to /home/ggkarabas/Desktop/Robots/f24_robotics/install/webots_ros2_homework1_python/lib/webots_ros2_homework1_python
[1.029s] writing list of installed files to '/home/ggkarabas/Desktop/Robots/f24_robotics/build/webots_ros2_homework1_python/install.log'
[1.055s] Invoked command in '/home/ggkarabas/Desktop/Robots/f24_robotics/webots_ros2_homework1_python' returned '0': PYTHONPATH=/home/ggkarabas/Desktop/Robots/f24_robotics/build/webots_ros2_homework1_python/prefix_override:/usr/lib/python3/dist-packages/colcon_core/task/python/colcon_distutils_commands:/home/ggkarabas/Desktop/Robots/f24_robotics/install/webots_ros2_homework1_python/lib/python3.10/site-packages:${PYTHONPATH} /usr/bin/python3 -W ignore:setup.py install is deprecated setup.py egg_info --egg-base ../build/webots_ros2_homework1_python build --build-base /home/ggkarabas/Desktop/Robots/f24_robotics/build/webots_ros2_homework1_python/build install --record /home/ggkarabas/Desktop/Robots/f24_robotics/build/webots_ros2_homework1_python/install.log --single-version-externally-managed install_data
